0 info it worked if it ends with ok
1 verbose cli [ '/home/abbotto/.nvm/versions/node/v6.2.2/bin/node',
1 verbose cli   '/home/abbotto/.nvm/versions/node/v6.2.2/bin/npm',
1 verbose cli   'run',
1 verbose cli   'gh-pages' ]
2 info using npm@3.9.5
3 info using node@v6.2.2
4 verbose stack Error: Failed to parse json
4 verbose stack Unexpected token 'g' at 41:1
4 verbose stack git add . && git commit -am 'Updated the documentation'
4 verbose stack ^
4 verbose stack     at parseError (/home/abbotto/.nvm/versions/node/v6.2.2/lib/node_modules/npm/node_modules/read-package-json/read-json.js:390:11)
4 verbose stack     at parseJson (/home/abbotto/.nvm/versions/node/v6.2.2/lib/node_modules/npm/node_modules/read-package-json/read-json.js:79:23)
4 verbose stack     at /home/abbotto/.nvm/versions/node/v6.2.2/lib/node_modules/npm/node_modules/read-package-json/read-json.js:48:5
4 verbose stack     at /home/abbotto/.nvm/versions/node/v6.2.2/lib/node_modules/npm/node_modules/graceful-fs/graceful-fs.js:78:16
4 verbose stack     at tryToString (fs.js:449:3)
4 verbose stack     at FSReqWrap.readFileAfterClose [as oncomplete] (fs.js:436:12)
5 verbose cwd /media/Service/Cloud/Dropbox/Public/site/teleprint
6 error Linux 4.7.2-1-ARCH
7 error argv "/home/abbotto/.nvm/versions/node/v6.2.2/bin/node" "/home/abbotto/.nvm/versions/node/v6.2.2/bin/npm" "run" "gh-pages"
8 error node v6.2.2
9 error npm  v3.9.5
10 error file /media/Service/Cloud/Dropbox/Public/site/teleprint/package.json
11 error code EJSONPARSE
12 error Failed to parse json
12 error Unexpected token 'g' at 41:1
12 error git add . && git commit -am 'Updated the documentation'
12 error ^
13 error File: /media/Service/Cloud/Dropbox/Public/site/teleprint/package.json
14 error Failed to parse package.json data.
14 error package.json must be actual JSON, not just JavaScript.
14 error
14 error This is not a bug in npm.
14 error Tell the package author to fix their package.json file. JSON.parse
15 verbose exit [ 1, true ]
